<?xml version="1.0" encoding="UTF-8"?>
<testng-results skipped="0" failed="0" ignored="0" total="1" passed="1">
  <reporter-output>
  </reporter-output>
  <suite name="Default suite" duration-ms="9927" started-at="2018-11-03T06:33:09Z" finished-at="2018-11-03T06:33:18Z">
    <groups>
      <group name="cucumber">
        <method signature="AbstractTestNGCucumberTests.feature(cucumber.api.testng.CucumberFeatureWrapper)[pri:0, instance:com.runner.TestNgRunner@727803de]" name="feature" class="cucumber.api.testng.AbstractTestNGCucumberTests"/>
      </group> <!-- cucumber -->
    </groups>
    <test name="Default test" duration-ms="9927" started-at="2018-11-03T06:33:09Z" finished-at="2018-11-03T06:33:18Z">
      <class name="com.runner.TestNgRunner">
        <test-method status="PASS" signature="setUpClass()[pri:0, instance:com.runner.TestNgRunner@727803de]" name="setUpClass" is-config="true" duration-ms="411" started-at="2018-11-03T06:33:09Z" finished-at="2018-11-03T06:33:09Z">
          <reporter-output>
          </reporter-output>
        </test-method> <!-- setUpClass -->
        <test-method status="PASS" signature="feature(cucumber.api.testng.CucumberFeatureWrapper)[pri:0, instance:com.runner.TestNgRunner@727803de]" name="feature" duration-ms="8961" started-at="2018-11-03T06:33:09Z" description="Runs Cucumber Feature" data-provider="features" finished-at="2018-11-03T06:33:18Z">
          <params>
            <param index="0">
              <value>
                <![CDATA[Login function validation]]>
              </value>
            </param>
          </params>
          <reporter-output>
          </reporter-output>
        </test-method> <!-- feature -->
        <test-method status="PASS" signature="teardown()[pri:0, instance:com.runner.TestNgRunner@727803de]" name="teardown" is-config="true" duration-ms="79" started-at="2018-11-03T06:33:18Z" finished-at="2018-11-03T06:33:18Z">
          <reporter-output>
          </reporter-output>
        </test-method> <!-- teardown -->
        <test-method status="PASS" signature="tearDownClass()[pri:0, instance:com.runner.TestNgRunner@727803de]" name="tearDownClass" is-config="true" duration-ms="332" started-at="2018-11-03T06:33:18Z" finished-at="2018-11-03T06:33:18Z">
          <reporter-output>
          </reporter-output>
        </test-method> <!-- tearDownClass -->
      </class> <!-- com.runner.TestNgRunner -->
    </test> <!-- Default test -->
  </suite> <!-- Default suite -->
</testng-results>
