<?xml version="1.0" encoding="UTF-8"?>
<testng-results skipped="0" failed="0" ignored="0" total="2" passed="2">
  <reporter-output>
  </reporter-output>
  <suite name="Default suite" duration-ms="8516" started-at="2018-10-27T04:33:37Z" finished-at="2018-10-27T04:33:45Z">
    <groups>
    </groups>
    <test name="Default test" duration-ms="8516" started-at="2018-10-27T04:33:37Z" finished-at="2018-10-27T04:33:45Z">
      <class name="com.testnglogin.LoginTestng">
        <test-method status="PASS" signature="getsetup()[pri:0, instance:com.testnglogin.LoginTestng@61832929]" name="getsetup" is-config="true" duration-ms="5047" started-at="2018-10-27T04:33:37Z" finished-at="2018-10-27T04:33:42Z">
          <reporter-output>
          </reporter-output>
        </test-method> <!-- getsetup -->
        <test-method status="PASS" signature="gcrLogin()[pri:0, instance:com.testnglogin.LoginTestng@61832929]" name="gcrLogin" duration-ms="2263" started-at="2018-10-27T04:33:42Z" finished-at="2018-10-27T04:33:44Z">
          <reporter-output>
          </reporter-output>
        </test-method> <!-- gcrLogin -->
        <test-method status="PASS" signature="loginValidation()[pri:0, instance:com.testnglogin.LoginTestng@61832929]" name="loginValidation" duration-ms="501" started-at="2018-10-27T04:33:44Z" finished-at="2018-10-27T04:33:44Z">
          <reporter-output>
          </reporter-output>
        </test-method> <!-- loginValidation -->
        <test-method status="PASS" signature="tearDown()[pri:0, instance:com.testnglogin.LoginTestng@61832929]" name="tearDown" is-config="true" duration-ms="664" started-at="2018-10-27T04:33:44Z" finished-at="2018-10-27T04:33:45Z">
          <reporter-output>
          </reporter-output>
        </test-method> <!-- tearDown -->
      </class> <!-- com.testnglogin.LoginTestng -->
    </test> <!-- Default test -->
  </suite> <!-- Default suite -->
</testng-results>
